2026-05-10 12:08:04.967 +03:00 [INF] Starting PlantProcess IQ API.
2026-05-10 12:08:07.239 +03:00 [FTL] PlantProcess IQ API terminated unexpectedly.
Microsoft.Extensions.Hosting.HostAbortedException: The host was aborted.
   at Microsoft.Extensions.Hosting.HostFactoryResolver.HostingListener.ThrowHostAborted()
   at Microsoft.Extensions.Hosting.HostFactoryResolver.HostingListener.OnNext(KeyValuePair`2 value)
   at System.Diagnostics.DiagnosticListener.Write(String name, Object value)
   at System.Diagnostics.DiagnosticSource.Write[T](String name, T value)
   at Microsoft.Extensions.Hosting.HostBuilder.ResolveHost(IServiceProvider serviceProvider, DiagnosticListener diagnosticListener)
   at Microsoft.Extensions.Hosting.HostApplicationBuilder.Build()
   at Microsoft.AspNetCore.Builder.WebApplicationBuilder.Build()
   at Program.<Main>$(String[] args) in C:\Workspace\PlantProcess-IQ\PlantProcess.Api\Program.cs:line 51
2026-05-10 12:08:07.591 +03:00 [INF] PlantProcess IQ API stopped.
2026-05-10 12:11:53.289 +03:00 [INF] Starting PlantProcess IQ API.
2026-05-10 12:11:53.723 +03:00 [FTL] PlantProcess IQ API terminated unexpectedly.
Microsoft.Extensions.Hosting.HostAbortedException: The host was aborted.
   at Microsoft.Extensions.Hosting.HostFactoryResolver.HostingListener.ThrowHostAborted()
   at Microsoft.Extensions.Hosting.HostFactoryResolver.HostingListener.OnNext(KeyValuePair`2 value)
   at System.Diagnostics.DiagnosticListener.Write(String name, Object value)
   at System.Diagnostics.DiagnosticSource.Write[T](String name, T value)
   at Microsoft.Extensions.Hosting.HostBuilder.ResolveHost(IServiceProvider serviceProvider, DiagnosticListener diagnosticListener)
   at Microsoft.Extensions.Hosting.HostApplicationBuilder.Build()
   at Microsoft.AspNetCore.Builder.WebApplicationBuilder.Build()
   at Program.<Main>$(String[] args) in C:\Workspace\PlantProcess-IQ\PlantProcess.Api\Program.cs:line 51
2026-05-10 12:11:53.766 +03:00 [INF] PlantProcess IQ API stopped.
2026-05-10 12:14:03.877 +03:00 [INF] Starting PlantProcess IQ API.
2026-05-10 12:14:04.331 +03:00 [FTL] PlantProcess IQ API terminated unexpectedly.
Microsoft.Extensions.Hosting.HostAbortedException: The host was aborted.
   at Microsoft.Extensions.Hosting.HostFactoryResolver.HostingListener.ThrowHostAborted()
   at Microsoft.Extensions.Hosting.HostFactoryResolver.HostingListener.OnNext(KeyValuePair`2 value)
   at System.Diagnostics.DiagnosticListener.Write(String name, Object value)
   at System.Diagnostics.DiagnosticSource.Write[T](String name, T value)
   at Microsoft.Extensions.Hosting.HostBuilder.ResolveHost(IServiceProvider serviceProvider, DiagnosticListener diagnosticListener)
   at Microsoft.Extensions.Hosting.HostApplicationBuilder.Build()
   at Microsoft.AspNetCore.Builder.WebApplicationBuilder.Build()
   at Program.<Main>$(String[] args) in C:\Workspace\PlantProcess-IQ\PlantProcess.Api\Program.cs:line 51
2026-05-10 12:14:04.410 +03:00 [INF] PlantProcess IQ API stopped.
