2026-05-10 12:08:04.967 +03:00 [INF] Starting PlantProcess IQ API.
2026-05-10 12:08:07.239 +03:00 [FTL] PlantProcess IQ API terminated unexpectedly.
Microsoft.Extensions.Hosting.HostAbortedException: The host was aborted.
   at Microsoft.Extensions.Hosting.HostFactoryResolver.HostingListener.ThrowHostAborted()
   at Microsoft.Extensions.Hosting.HostFactoryResolver.HostingListener.OnNext(KeyValuePair`2 value)
   at System.Diagnostics.DiagnosticListener.Write(String name, Object value)
   at System.Diagnostics.DiagnosticSource.Write[T](String name, T value)
   at Microsoft.Extensions.Hosting.HostBuilder.ResolveHost(IServiceProvider serviceProvider, DiagnosticListener diagnosticListener)
   at Microsoft.Extensions.Hosting.HostApplicationBuilder.Build()
   at Microsoft.AspNetCore.Builder.WebApplicationBuilder.Build()
   at Program.<Main>$(String[] args) in C:\Workspace\PlantProcess-IQ\PlantProcess.Api\Program.cs:line 51
2026-05-10 12:08:07.591 +03:00 [INF] PlantProcess IQ API stopped.
2026-05-10 12:11:53.289 +03:00 [INF] Starting PlantProcess IQ API.
2026-05-10 12:11:53.723 +03:00 [FTL] PlantProcess IQ API terminated unexpectedly.
Microsoft.Extensions.Hosting.HostAbortedException: The host was aborted.
   at Microsoft.Extensions.Hosting.HostFactoryResolver.HostingListener.ThrowHostAborted()
   at Microsoft.Extensions.Hosting.HostFactoryResolver.HostingListener.OnNext(KeyValuePair`2 value)
   at System.Diagnostics.DiagnosticListener.Write(String name, Object value)
   at System.Diagnostics.DiagnosticSource.Write[T](String name, T value)
   at Microsoft.Extensions.Hosting.HostBuilder.ResolveHost(IServiceProvider serviceProvider, DiagnosticListener diagnosticListener)
   at Microsoft.Extensions.Hosting.HostApplicationBuilder.Build()
   at Microsoft.AspNetCore.Builder.WebApplicationBuilder.Build()
   at Program.<Main>$(String[] args) in C:\Workspace\PlantProcess-IQ\PlantProcess.Api\Program.cs:line 51
2026-05-10 12:11:53.766 +03:00 [INF] PlantProcess IQ API stopped.
2026-05-10 12:14:03.877 +03:00 [INF] Starting PlantProcess IQ API.
2026-05-10 12:14:04.331 +03:00 [FTL] PlantProcess IQ API terminated unexpectedly.
Microsoft.Extensions.Hosting.HostAbortedException: The host was aborted.
   at Microsoft.Extensions.Hosting.HostFactoryResolver.HostingListener.ThrowHostAborted()
   at Microsoft.Extensions.Hosting.HostFactoryResolver.HostingListener.OnNext(KeyValuePair`2 value)
   at System.Diagnostics.DiagnosticListener.Write(String name, Object value)
   at System.Diagnostics.DiagnosticSource.Write[T](String name, T value)
   at Microsoft.Extensions.Hosting.HostBuilder.ResolveHost(IServiceProvider serviceProvider, DiagnosticListener diagnosticListener)
   at Microsoft.Extensions.Hosting.HostApplicationBuilder.Build()
   at Microsoft.AspNetCore.Builder.WebApplicationBuilder.Build()
   at Program.<Main>$(String[] args) in C:\Workspace\PlantProcess-IQ\PlantProcess.Api\Program.cs:line 51
2026-05-10 12:14:04.410 +03:00 [INF] PlantProcess IQ API stopped.
2026-05-10 12:23:19.884 +03:00 [INF] Starting PlantProcess IQ API.
2026-05-10 12:23:22.129 +03:00 [INF] Now listening on: http://localhost:5063
2026-05-10 12:23:22.136 +03:00 [INF] Application started. Press Ctrl+C to shut down.
2026-05-10 12:23:22.139 +03:00 [INF] Hosting environment: Development
2026-05-10 12:23:22.141 +03:00 [INF] Content root path: C:\Workspace\PlantProcess-IQ\PlantProcess.Api
2026-05-10 12:23:40.128 +03:00 [ERR] An unhandled exception has occurred while executing the request.
System.TypeLoadException: Could not load type 'Microsoft.OpenApi.Models.OpenApiDocument' from assembly 'Microsoft.OpenApi, Version=2.4.1.0, Culture=neutral, PublicKeyToken=3f5743946376f042'.
   at System.Reflection.RuntimeAssembly.GetTypeCore(QCallAssembly assembly, String typeName, ReadOnlySpan`1 nestedTypeNames, Int32 nestedTypeNamesLength, ObjectHandleOnStack retType)
   at System.Reflection.RuntimeAssembly.GetTypeCore(String typeName, ReadOnlySpan`1 nestedTypeNames, Boolean throwOnError, Boolean ignoreCase)
   at System.Reflection.TypeNameResolver.GetTypeFromDefaultAssemblies(String typeName, ReadOnlySpan`1 nestedTypeNames, TypeName parsedName)
   at System.Reflection.TypeNameResolver.GetType(String escapedTypeName, ReadOnlySpan`1 nestedTypeNames, TypeName parsedName)
   at System.Reflection.TypeNameResolver.GetSimpleType(TypeName typeName)
   at System.Reflection.TypeNameResolver.GetTypeHelper(Char* pTypeName, RuntimeAssembly requestingAssembly, Boolean throwOnError, Boolean requireAssemblyQualifiedName)
   at System.Reflection.CustomAttribute.<CreateCustomAttributeInstance>g____PInvoke|30_0(QCallModule __pModule_native, ObjectHandleOnStack __type_native, ObjectHandleOnStack __pCtor_native, IntPtr* __ppBlob_native, IntPtr __pEndBlob_native, Int32* __pcNamedArgs_native, ObjectHandleOnStack __instance_native)
   at System.Reflection.CustomAttribute.AddCustomAttributes(ListBuilder`1& attributes, RuntimeModule decoratedModule, Int32 decoratedMetadataToken, RuntimeType attributeFilterType, Boolean mustBeInheritable, ListBuilder`1 derivedAttributes)
   at System.Reflection.CustomAttribute.GetCustomAttributes(RuntimeMethodInfo method, RuntimeType caType, Boolean inherit)
   at System.Attribute.GetCustomAttributes(MemberInfo element, Boolean inherit)
   at Microsoft.AspNetCore.Routing.RouteEndpointDataSource.CreateRouteEndpointBuilder(RouteEntry entry, RoutePattern groupPrefix, IReadOnlyList`1 groupConventions, IReadOnlyList`1 groupFinallyConventions)
   at Microsoft.AspNetCore.Routing.RouteEndpointDataSource.get_Endpoints()
   at Microsoft.AspNetCore.Routing.CompositeEndpointDataSource.CreateEndpointsUnsynchronized()
   at Microsoft.AspNetCore.Routing.CompositeEndpointDataSource.EnsureEndpointsInitialized()
   at Microsoft.AspNetCore.Routing.CompositeEndpointDataSource.get_Endpoints()
   at Microsoft.AspNetCore.Routing.DataSourceDependentCache`1.Initialize()
   at System.Threading.LazyInitializer.EnsureInitializedCore[T](T& target, Boolean& initialized, Object& syncLock, Func`1 valueFactory)
   at Microsoft.AspNetCore.Routing.Matching.DataSourceDependentMatcher..ctor(EndpointDataSource dataSource, Lifetime lifetime, Func`1 matcherBuilderFactory)
   at Microsoft.AspNetCore.Routing.Matching.DfaMatcherFactory.CreateMatcher(EndpointDataSource dataSource)
   at Microsoft.AspNetCore.Routing.EndpointRoutingMiddleware.InitializeCoreAsync()
--- End of stack trace from previous location ---
   at Microsoft.AspNetCore.Routing.EndpointRoutingMiddleware.<Invoke>g__AwaitMatcher|10_0(EndpointRoutingMiddleware middleware, HttpContext httpContext, Task`1 matcherTask)
   at Microsoft.AspNetCore.Diagnostics.DeveloperExceptionPageMiddlewareImpl.Invoke(HttpContext context)
2026-05-10 12:23:40.409 +03:00 [ERR] An unhandled exception has occurred while executing the request.
System.TypeLoadException: Could not load type 'Microsoft.OpenApi.Models.OpenApiDocument' from assembly 'Microsoft.OpenApi, Version=2.4.1.0, Culture=neutral, PublicKeyToken=3f5743946376f042'.
   at System.Reflection.RuntimeAssembly.GetTypeCore(QCallAssembly assembly, String typeName, ReadOnlySpan`1 nestedTypeNames, Int32 nestedTypeNamesLength, ObjectHandleOnStack retType)
   at System.Reflection.RuntimeAssembly.GetTypeCore(String typeName, ReadOnlySpan`1 nestedTypeNames, Boolean throwOnError, Boolean ignoreCase)
   at System.Reflection.TypeNameResolver.GetTypeFromDefaultAssemblies(String typeName, ReadOnlySpan`1 nestedTypeNames, TypeName parsedName)
   at System.Reflection.TypeNameResolver.GetType(String escapedTypeName, ReadOnlySpan`1 nestedTypeNames, TypeName parsedName)
   at System.Reflection.TypeNameResolver.GetSimpleType(TypeName typeName)
   at System.Reflection.TypeNameResolver.GetTypeHelper(Char* pTypeName, RuntimeAssembly requestingAssembly, Boolean throwOnError, Boolean requireAssemblyQualifiedName)
   at System.Reflection.CustomAttribute.<CreateCustomAttributeInstance>g____PInvoke|30_0(QCallModule __pModule_native, ObjectHandleOnStack __type_native, ObjectHandleOnStack __pCtor_native, IntPtr* __ppBlob_native, IntPtr __pEndBlob_native, Int32* __pcNamedArgs_native, ObjectHandleOnStack __instance_native)
   at System.Reflection.CustomAttribute.AddCustomAttributes(ListBuilder`1& attributes, RuntimeModule decoratedModule, Int32 decoratedMetadataToken, RuntimeType attributeFilterType, Boolean mustBeInheritable, ListBuilder`1 derivedAttributes)
   at System.Reflection.CustomAttribute.GetCustomAttributes(RuntimeMethodInfo method, RuntimeType caType, Boolean inherit)
   at System.Attribute.GetCustomAttributes(MemberInfo element, Boolean inherit)
   at Microsoft.AspNetCore.Routing.RouteEndpointDataSource.CreateRouteEndpointBuilder(RouteEntry entry, RoutePattern groupPrefix, IReadOnlyList`1 groupConventions, IReadOnlyList`1 groupFinallyConventions)
   at Microsoft.AspNetCore.Routing.RouteEndpointDataSource.get_Endpoints()
   at Microsoft.AspNetCore.Routing.CompositeEndpointDataSource.CreateEndpointsUnsynchronized()
   at Microsoft.AspNetCore.Routing.CompositeEndpointDataSource.EnsureEndpointsInitialized()
   at Microsoft.AspNetCore.Routing.CompositeEndpointDataSource.get_Endpoints()
   at Microsoft.AspNetCore.Routing.DataSourceDependentCache`1.Initialize()
   at System.Threading.LazyInitializer.EnsureInitializedCore[T](T& target, Boolean& initialized, Object& syncLock, Func`1 valueFactory)
   at Microsoft.AspNetCore.Routing.Matching.DataSourceDependentMatcher..ctor(EndpointDataSource dataSource, Lifetime lifetime, Func`1 matcherBuilderFactory)
   at Microsoft.AspNetCore.Routing.Matching.DfaMatcherFactory.CreateMatcher(EndpointDataSource dataSource)
   at Microsoft.AspNetCore.Routing.EndpointRoutingMiddleware.InitializeCoreAsync()
--- End of stack trace from previous location ---
   at Microsoft.AspNetCore.Routing.EndpointRoutingMiddleware.<Invoke>g__AwaitMatcher|10_0(EndpointRoutingMiddleware middleware, HttpContext httpContext, Task`1 matcherTask)
   at Microsoft.AspNetCore.Diagnostics.DeveloperExceptionPageMiddlewareImpl.Invoke(HttpContext context)
2026-05-10 12:27:28.424 +03:00 [INF] Application is shutting down...
2026-05-10 12:27:28.432 +03:00 [INF] PlantProcess IQ API stopped.
2026-05-10 12:29:51.759 +03:00 [INF] Starting PlantProcess IQ API.
2026-05-10 12:29:52.788 +03:00 [INF] Now listening on: http://localhost:5063
2026-05-10 12:29:52.793 +03:00 [INF] Application started. Press Ctrl+C to shut down.
2026-05-10 12:29:52.795 +03:00 [INF] Hosting environment: Development
2026-05-10 12:29:52.796 +03:00 [INF] Content root path: C:\Workspace\PlantProcess-IQ\PlantProcess.Api
2026-05-10 12:29:56.484 +03:00 [VRB] HTTP request trace started. RequestId=0HNLEEQP8SKUQ:00000001, Method=GET, Path=/, QueryString=
2026-05-10 12:29:56.489 +03:00 [DBG] HTTP request received. RequestId=0HNLEEQP8SKUQ:00000001, Method=GET, Path=/, QueryString=, ContentType=null, ContentLength=null
2026-05-10 12:29:56.520 +03:00 [WRN] Failed to determine the https port for redirect.
2026-05-10 12:29:56.522 +03:00 [WRN] HTTP request completed with client error. RequestId=0HNLEEQP8SKUQ:00000001, Method=GET, Path=/, StatusCode=404, ElapsedMs=38
2026-05-10 12:29:56.527 +03:00 [VRB] HTTP request trace finished. RequestId=0HNLEEQP8SKUQ:00000001, Method=GET, Path=/, StatusCode=404, ElapsedMs=38
2026-05-10 12:30:54.571 +03:00 [INF] Application is shutting down...
2026-05-10 12:30:54.586 +03:00 [INF] PlantProcess IQ API stopped.
2026-05-10 12:32:58.292 +03:00 [INF] Starting PlantProcess IQ API.
2026-05-10 12:32:58.868 +03:00 [INF] Now listening on: http://localhost:5063
2026-05-10 12:32:58.872 +03:00 [INF] Application started. Press Ctrl+C to shut down.
2026-05-10 12:32:58.874 +03:00 [INF] Hosting environment: Development
2026-05-10 12:32:58.877 +03:00 [INF] Content root path: C:\Workspace\PlantProcess-IQ\PlantProcess.Api
2026-05-10 12:33:12.069 +03:00 [VRB] HTTP request trace started. RequestId=0HNLEESJLF45D:00000001, Method=GET, Path=/, QueryString=
2026-05-10 12:33:12.072 +03:00 [DBG] HTTP request received. RequestId=0HNLEESJLF45D:00000001, Method=GET, Path=/, QueryString=, ContentType=null, ContentLength=null
2026-05-10 12:33:12.103 +03:00 [WRN] Failed to determine the https port for redirect.
2026-05-10 12:33:12.173 +03:00 [INF] HTTP request completed. RequestId=0HNLEESJLF45D:00000001, Method=GET, Path=/, StatusCode=302, ElapsedMs=104
2026-05-10 12:33:12.177 +03:00 [VRB] HTTP request trace finished. RequestId=0HNLEESJLF45D:00000001, Method=GET, Path=/, StatusCode=302, ElapsedMs=104
2026-05-10 12:33:12.197 +03:00 [VRB] HTTP request trace started. RequestId=0HNLEESJLF45D:00000002, Method=GET, Path=/swagger, QueryString=
2026-05-10 12:33:12.200 +03:00 [DBG] HTTP request received. RequestId=0HNLEESJLF45D:00000002, Method=GET, Path=/swagger, QueryString=, ContentType=null, ContentLength=null
2026-05-10 12:33:12.205 +03:00 [INF] HTTP request completed. RequestId=0HNLEESJLF45D:00000002, Method=GET, Path=/swagger, StatusCode=301, ElapsedMs=7
2026-05-10 12:33:12.209 +03:00 [VRB] HTTP request trace finished. RequestId=0HNLEESJLF45D:00000002, Method=GET, Path=/swagger, StatusCode=301, ElapsedMs=7
2026-05-10 12:33:12.219 +03:00 [VRB] HTTP request trace started. RequestId=0HNLEESJLF45D:00000003, Method=GET, Path=/swagger/index.html, QueryString=
2026-05-10 12:33:12.222 +03:00 [DBG] HTTP request received. RequestId=0HNLEESJLF45D:00000003, Method=GET, Path=/swagger/index.html, QueryString=, ContentType=null, ContentLength=null
2026-05-10 12:33:12.304 +03:00 [INF] HTTP request completed. RequestId=0HNLEESJLF45D:00000003, Method=GET, Path=/swagger/index.html, StatusCode=200, ElapsedMs=84
2026-05-10 12:33:12.307 +03:00 [VRB] HTTP request trace finished. RequestId=0HNLEESJLF45D:00000003, Method=GET, Path=/swagger/index.html, StatusCode=200, ElapsedMs=84
2026-05-10 12:33:12.324 +03:00 [VRB] HTTP request trace started. RequestId=0HNLEESJLF45D:00000004, Method=GET, Path=/swagger/swagger-ui.css, QueryString=
2026-05-10 12:33:12.324 +03:00 [VRB] HTTP request trace started. RequestId=0HNLEESJLF45E:00000001, Method=GET, Path=/swagger/index.css, QueryString=
2026-05-10 12:33:12.326 +03:00 [VRB] HTTP request trace started. RequestId=0HNLEESJLF45F:00000001, Method=GET, Path=/swagger/swagger-ui-bundle.js, QueryString=
2026-05-10 12:33:12.326 +03:00 [VRB] HTTP request trace started. RequestId=0HNLEESJLF45G:00000001, Method=GET, Path=/swagger/swagger-ui-standalone-preset.js, QueryString=
2026-05-10 12:33:12.326 +03:00 [VRB] HTTP request trace started. RequestId=0HNLEESJLF45H:00000001, Method=GET, Path=/swagger/index.js, QueryString=
2026-05-10 12:33:12.328 +03:00 [DBG] HTTP request received. RequestId=0HNLEESJLF45D:00000004, Method=GET, Path=/swagger/swagger-ui.css, QueryString=, ContentType=null, ContentLength=null
2026-05-10 12:33:12.331 +03:00 [DBG] HTTP request received. RequestId=0HNLEESJLF45E:00000001, Method=GET, Path=/swagger/index.css, QueryString=, ContentType=null, ContentLength=null
2026-05-10 12:33:12.333 +03:00 [DBG] HTTP request received. RequestId=0HNLEESJLF45F:00000001, Method=GET, Path=/swagger/swagger-ui-bundle.js, QueryString=, ContentType=null, ContentLength=null
2026-05-10 12:33:12.336 +03:00 [DBG] HTTP request received. RequestId=0HNLEESJLF45G:00000001, Method=GET, Path=/swagger/swagger-ui-standalone-preset.js, QueryString=, ContentType=null, ContentLength=null
2026-05-10 12:33:12.339 +03:00 [DBG] HTTP request received. RequestId=0HNLEESJLF45H:00000001, Method=GET, Path=/swagger/index.js, QueryString=, ContentType=null, ContentLength=null
2026-05-10 12:33:12.362 +03:00 [INF] HTTP request completed. RequestId=0HNLEESJLF45H:00000001, Method=GET, Path=/swagger/index.js, StatusCode=200, ElapsedMs=35
2026-05-10 12:33:12.365 +03:00 [VRB] HTTP request trace finished. RequestId=0HNLEESJLF45H:00000001, Method=GET, Path=/swagger/index.js, StatusCode=200, ElapsedMs=35
2026-05-10 12:33:12.371 +03:00 [INF] HTTP request completed. RequestId=0HNLEESJLF45E:00000001, Method=GET, Path=/swagger/index.css, StatusCode=200, ElapsedMs=46
2026-05-10 12:33:12.371 +03:00 [INF] HTTP request completed. RequestId=0HNLEESJLF45D:00000004, Method=GET, Path=/swagger/swagger-ui.css, StatusCode=200, ElapsedMs=47
2026-05-10 12:33:12.375 +03:00 [VRB] HTTP request trace finished. RequestId=0HNLEESJLF45E:00000001, Method=GET, Path=/swagger/index.css, StatusCode=200, ElapsedMs=46
2026-05-10 12:33:12.379 +03:00 [VRB] HTTP request trace finished. RequestId=0HNLEESJLF45D:00000004, Method=GET, Path=/swagger/swagger-ui.css, StatusCode=200, ElapsedMs=47
2026-05-10 12:33:12.380 +03:00 [INF] HTTP request completed. RequestId=0HNLEESJLF45G:00000001, Method=GET, Path=/swagger/swagger-ui-standalone-preset.js, StatusCode=200, ElapsedMs=54
2026-05-10 12:33:12.380 +03:00 [INF] HTTP request completed. RequestId=0HNLEESJLF45F:00000001, Method=GET, Path=/swagger/swagger-ui-bundle.js, StatusCode=200, ElapsedMs=54
2026-05-10 12:33:12.390 +03:00 [VRB] HTTP request trace finished. RequestId=0HNLEESJLF45G:00000001, Method=GET, Path=/swagger/swagger-ui-standalone-preset.js, StatusCode=200, ElapsedMs=54
2026-05-10 12:33:12.393 +03:00 [VRB] HTTP request trace finished. RequestId=0HNLEESJLF45F:00000001, Method=GET, Path=/swagger/swagger-ui-bundle.js, StatusCode=200, ElapsedMs=54
2026-05-10 12:33:12.491 +03:00 [VRB] HTTP request trace started. RequestId=0HNLEESJLF45F:00000002, Method=GET, Path=/swagger/v1/swagger.json, QueryString=
2026-05-10 12:33:12.494 +03:00 [DBG] HTTP request received. RequestId=0HNLEESJLF45F:00000002, Method=GET, Path=/swagger/v1/swagger.json, QueryString=, ContentType=null, ContentLength=null
2026-05-10 12:33:12.507 +03:00 [VRB] HTTP request trace started. RequestId=0HNLEESJLF45G:00000002, Method=GET, Path=/swagger/favicon-32x32.png, QueryString=
2026-05-10 12:33:12.510 +03:00 [DBG] HTTP request received. RequestId=0HNLEESJLF45G:00000002, Method=GET, Path=/swagger/favicon-32x32.png, QueryString=, ContentType=null, ContentLength=null
2026-05-10 12:33:12.514 +03:00 [INF] HTTP request completed. RequestId=0HNLEESJLF45G:00000002, Method=GET, Path=/swagger/favicon-32x32.png, StatusCode=200, ElapsedMs=7
2026-05-10 12:33:12.518 +03:00 [VRB] HTTP request trace finished. RequestId=0HNLEESJLF45G:00000002, Method=GET, Path=/swagger/favicon-32x32.png, StatusCode=200, ElapsedMs=7
2026-05-10 12:33:12.742 +03:00 [ERR] Unhandled exception during HTTP request. RequestId=0HNLEESJLF45F:00000002, Method=GET, Path=/swagger/v1/swagger.json, ElapsedMs=250
Swashbuckle.AspNetCore.SwaggerGen.SwaggerGeneratorException: Failed to generate Operation for action - HTTP: POST /workflow/import-batches => CreateImportBatchAsync. See inner exception
 ---> Swashbuckle.AspNetCore.SwaggerGen.SwaggerGeneratorException: Failed to generate schema for type - PlantProcess.Api.Endpoints.Workflow.WorkflowEndpoints+CreateImportBatchRequest. See inner exception
 ---> System.InvalidOperationException: Can't use schemaId "$CreateImportBatchRequest" for type "$PlantProcess.Api.Endpoints.Workflow.WorkflowEndpoints+CreateImportBatchRequest". The same schemaId is already used for type "$PlantProcess.Api.Endpoints.Integration.IntegrationEndpoints+CreateImportBatchRequest"
   at Swashbuckle.AspNetCore.SwaggerGen.SchemaRepository.RegisterType(Type type, String schemaId)
   at Swashbuckle.AspNetCore.SwaggerGen.SchemaGenerator.GenerateReferencedSchema(DataContract dataContract, SchemaRepository schemaRepository, Func`1 definitionFactory)
   at Swashbuckle.AspNetCore.SwaggerGen.SchemaGenerator.GenerateConcreteSchema(DataContract dataContract, SchemaRepository schemaRepository)
   at Swashbuckle.AspNetCore.SwaggerGen.SchemaGenerator.GenerateSchemaForParameter(Type modelType, SchemaRepository schemaRepository, ParameterInfo parameterInfo, ApiParameterRouteInfo routeInfo)
   at Swashbuckle.AspNetCore.SwaggerGen.SchemaGenerator.GenerateSchema(Type modelType, SchemaRepository schemaRepository, MemberInfo memberInfo, ParameterInfo parameterInfo, ApiParameterRouteInfo routeInfo)
   at Swashbuckle.AspNetCore.SwaggerGen.SwaggerGenerator.GenerateSchema(Type type, SchemaRepository schemaRepository, PropertyInfo propertyInfo, ParameterInfo parameterInfo, ApiParameterRouteInfo routeInfo)
   --- End of inner exception stack trace ---
   at Swashbuckle.AspNetCore.SwaggerGen.SwaggerGenerator.GenerateSchema(Type type, SchemaRepository schemaRepository, PropertyInfo propertyInfo, ParameterInfo parameterInfo, ApiParameterRouteInfo routeInfo)
   at Swashbuckle.AspNetCore.SwaggerGen.SwaggerGenerator.GenerateRequestBodyFromBodyParameter(ApiDescription apiDescription, SchemaRepository schemaRepository, ApiParameterDescription bodyParameter)
   at Swashbuckle.AspNetCore.SwaggerGen.SwaggerGenerator.GenerateRequestBodyAndFilterContext(ApiDescription apiDescription, SchemaRepository schemaRepository, OpenApiDocument document)
   at Swashbuckle.AspNetCore.SwaggerGen.SwaggerGenerator.GenerateRequestBodyAsync(ApiDescription apiDescription, SchemaRepository schemaRepository, OpenApiDocument document)
   at Swashbuckle.AspNetCore.SwaggerGen.SwaggerGenerator.GenerateOperationAsync(OpenApiDocument document, ApiDescription apiDescription, SchemaRepository schemaRepository, Func`4 parametersGenerator, Func`4 bodyGenerator, Func`3 applyFilters)
   --- End of inner exception stack trace ---
   at Swashbuckle.AspNetCore.SwaggerGen.SwaggerGenerator.GenerateOperationAsync(OpenApiDocument document, ApiDescription apiDescription, SchemaRepository schemaRepository, Func`4 parametersGenerator, Func`4 bodyGenerator, Func`3 applyFilters)
   at Swashbuckle.AspNetCore.SwaggerGen.SwaggerGenerator.GenerateOperationAsync(OpenApiDocument document, ApiDescription apiDescription, SchemaRepository schemaRepository)
   at Swashbuckle.AspNetCore.SwaggerGen.SwaggerGenerator.GenerateOperationsAsync(OpenApiDocument document, IEnumerable`1 apiDescriptions, SchemaRepository schemaRepository)
   at Swashbuckle.AspNetCore.SwaggerGen.SwaggerGenerator.GeneratePathsAsync(OpenApiDocument document, IEnumerable`1 apiDescriptions, SchemaRepository schemaRepository, Func`4 operationsGenerator)
   at Swashbuckle.AspNetCore.SwaggerGen.SwaggerGenerator.GeneratePathsAsync(OpenApiDocument document, IEnumerable`1 apiDescriptions, SchemaRepository schemaRepository)
   at Swashbuckle.AspNetCore.SwaggerGen.SwaggerGenerator.GetSwaggerAsync(String documentName, String host, String basePath)
   at Swashbuckle.AspNetCore.Swagger.SwaggerMiddleware.Invoke(HttpContext httpContext, ISwaggerProvider swaggerProvider)
   at PlantProcess.Api.Middleware.RequestResponseLoggingMiddleware.InvokeAsync(HttpContext context) in C:\Workspace\PlantProcess-IQ\PlantProcess.Api\Middleware\RequestResponseLoggingMiddleware.cs:line 55
2026-05-10 12:33:12.807 +03:00 [ERR] An unhandled exception has occurred while executing the request.
Swashbuckle.AspNetCore.SwaggerGen.SwaggerGeneratorException: Failed to generate Operation for action - HTTP: POST /workflow/import-batches => CreateImportBatchAsync. See inner exception
 ---> Swashbuckle.AspNetCore.SwaggerGen.SwaggerGeneratorException: Failed to generate schema for type - PlantProcess.Api.Endpoints.Workflow.WorkflowEndpoints+CreateImportBatchRequest. See inner exception
 ---> System.InvalidOperationException: Can't use schemaId "$CreateImportBatchRequest" for type "$PlantProcess.Api.Endpoints.Workflow.WorkflowEndpoints+CreateImportBatchRequest". The same schemaId is already used for type "$PlantProcess.Api.Endpoints.Integration.IntegrationEndpoints+CreateImportBatchRequest"
   at Swashbuckle.AspNetCore.SwaggerGen.SchemaRepository.RegisterType(Type type, String schemaId)
   at Swashbuckle.AspNetCore.SwaggerGen.SchemaGenerator.GenerateReferencedSchema(DataContract dataContract, SchemaRepository schemaRepository, Func`1 definitionFactory)
   at Swashbuckle.AspNetCore.SwaggerGen.SchemaGenerator.GenerateConcreteSchema(DataContract dataContract, SchemaRepository schemaRepository)
   at Swashbuckle.AspNetCore.SwaggerGen.SchemaGenerator.GenerateSchemaForParameter(Type modelType, SchemaRepository schemaRepository, ParameterInfo parameterInfo, ApiParameterRouteInfo routeInfo)
   at Swashbuckle.AspNetCore.SwaggerGen.SchemaGenerator.GenerateSchema(Type modelType, SchemaRepository schemaRepository, MemberInfo memberInfo, ParameterInfo parameterInfo, ApiParameterRouteInfo routeInfo)
   at Swashbuckle.AspNetCore.SwaggerGen.SwaggerGenerator.GenerateSchema(Type type, SchemaRepository schemaRepository, PropertyInfo propertyInfo, ParameterInfo parameterInfo, ApiParameterRouteInfo routeInfo)
   --- End of inner exception stack trace ---
   at Swashbuckle.AspNetCore.SwaggerGen.SwaggerGenerator.GenerateSchema(Type type, SchemaRepository schemaRepository, PropertyInfo propertyInfo, ParameterInfo parameterInfo, ApiParameterRouteInfo routeInfo)
   at Swashbuckle.AspNetCore.SwaggerGen.SwaggerGenerator.GenerateRequestBodyFromBodyParameter(ApiDescription apiDescription, SchemaRepository schemaRepository, ApiParameterDescription bodyParameter)
   at Swashbuckle.AspNetCore.SwaggerGen.SwaggerGenerator.GenerateRequestBodyAndFilterContext(ApiDescription apiDescription, SchemaRepository schemaRepository, OpenApiDocument document)
   at Swashbuckle.AspNetCore.SwaggerGen.SwaggerGenerator.GenerateRequestBodyAsync(ApiDescription apiDescription, SchemaRepository schemaRepository, OpenApiDocument document)
   at Swashbuckle.AspNetCore.SwaggerGen.SwaggerGenerator.GenerateOperationAsync(OpenApiDocument document, ApiDescription apiDescription, SchemaRepository schemaRepository, Func`4 parametersGenerator, Func`4 bodyGenerator, Func`3 applyFilters)
   --- End of inner exception stack trace ---
   at Swashbuckle.AspNetCore.SwaggerGen.SwaggerGenerator.GenerateOperationAsync(OpenApiDocument document, ApiDescription apiDescription, SchemaRepository schemaRepository, Func`4 parametersGenerator, Func`4 bodyGenerator, Func`3 applyFilters)
   at Swashbuckle.AspNetCore.SwaggerGen.SwaggerGenerator.GenerateOperationAsync(OpenApiDocument document, ApiDescription apiDescription, SchemaRepository schemaRepository)
   at Swashbuckle.AspNetCore.SwaggerGen.SwaggerGenerator.GenerateOperationsAsync(OpenApiDocument document, IEnumerable`1 apiDescriptions, SchemaRepository schemaRepository)
   at Swashbuckle.AspNetCore.SwaggerGen.SwaggerGenerator.GeneratePathsAsync(OpenApiDocument document, IEnumerable`1 apiDescriptions, SchemaRepository schemaRepository, Func`4 operationsGenerator)
   at Swashbuckle.AspNetCore.SwaggerGen.SwaggerGenerator.GeneratePathsAsync(OpenApiDocument document, IEnumerable`1 apiDescriptions, SchemaRepository schemaRepository)
   at Swashbuckle.AspNetCore.SwaggerGen.SwaggerGenerator.GetSwaggerAsync(String documentName, String host, String basePath)
   at Swashbuckle.AspNetCore.Swagger.SwaggerMiddleware.Invoke(HttpContext httpContext, ISwaggerProvider swaggerProvider)
   at PlantProcess.Api.Middleware.RequestResponseLoggingMiddleware.InvokeAsync(HttpContext context) in C:\Workspace\PlantProcess-IQ\PlantProcess.Api\Middleware\RequestResponseLoggingMiddleware.cs:line 55
   at Microsoft.AspNetCore.Diagnostics.DeveloperExceptionPageMiddlewareImpl.Invoke(HttpContext context)
2026-05-10 12:33:52.186 +03:00 [INF] Application is shutting down...
2026-05-10 12:33:52.201 +03:00 [INF] PlantProcess IQ API stopped.
2026-05-10 12:36:01.693 +03:00 [INF] Starting PlantProcess IQ API.
2026-05-10 12:36:02.726 +03:00 [INF] Now listening on: http://localhost:5063
2026-05-10 12:36:02.731 +03:00 [INF] Application started. Press Ctrl+C to shut down.
2026-05-10 12:36:02.733 +03:00 [INF] Hosting environment: Development
2026-05-10 12:36:02.734 +03:00 [INF] Content root path: C:\Workspace\PlantProcess-IQ\PlantProcess.Api
2026-05-10 12:36:05.858 +03:00 [VRB] HTTP request trace started. RequestId=0HNLEEU7DDDVI:00000001, Method=GET, Path=/, QueryString=
2026-05-10 12:36:05.860 +03:00 [DBG] HTTP request received. RequestId=0HNLEEU7DDDVI:00000001, Method=GET, Path=/, QueryString=, ContentType=null, ContentLength=null
2026-05-10 12:36:05.897 +03:00 [INF] HTTP request completed. RequestId=0HNLEEU7DDDVI:00000001, Method=GET, Path=/, StatusCode=302, ElapsedMs=39
2026-05-10 12:36:05.900 +03:00 [VRB] HTTP request trace finished. RequestId=0HNLEEU7DDDVI:00000001, Method=GET, Path=/, StatusCode=302, ElapsedMs=39
2026-05-10 12:36:05.916 +03:00 [VRB] HTTP request trace started. RequestId=0HNLEEU7DDDVI:00000002, Method=GET, Path=/swagger/index.html, QueryString=
2026-05-10 12:36:05.918 +03:00 [DBG] HTTP request received. RequestId=0HNLEEU7DDDVI:00000002, Method=GET, Path=/swagger/index.html, QueryString=, ContentType=null, ContentLength=null
2026-05-10 12:36:05.997 +03:00 [INF] HTTP request completed. RequestId=0HNLEEU7DDDVI:00000002, Method=GET, Path=/swagger/index.html, StatusCode=304, ElapsedMs=81
2026-05-10 12:36:06.001 +03:00 [VRB] HTTP request trace finished. RequestId=0HNLEEU7DDDVI:00000002, Method=GET, Path=/swagger/index.html, StatusCode=304, ElapsedMs=81
2026-05-10 12:36:06.024 +03:00 [VRB] HTTP request trace started. RequestId=0HNLEEU7DDDVI:00000003, Method=GET, Path=/swagger/swagger-ui.css, QueryString=
2026-05-10 12:36:06.027 +03:00 [DBG] HTTP request received. RequestId=0HNLEEU7DDDVI:00000003, Method=GET, Path=/swagger/swagger-ui.css, QueryString=, ContentType=null, ContentLength=null
2026-05-10 12:36:06.041 +03:00 [VRB] HTTP request trace started. RequestId=0HNLEEU7DDDVJ:00000001, Method=GET, Path=/swagger/index.css, QueryString=
2026-05-10 12:36:06.042 +03:00 [VRB] HTTP request trace started. RequestId=0HNLEEU7DDDVL:00000001, Method=GET, Path=/swagger/swagger-ui-standalone-preset.js, QueryString=
2026-05-10 12:36:06.042 +03:00 [VRB] HTTP request trace started. RequestId=0HNLEEU7DDDVK:00000001, Method=GET, Path=/swagger/swagger-ui-bundle.js, QueryString=
2026-05-10 12:36:06.043 +03:00 [VRB] HTTP request trace started. RequestId=0HNLEEU7DDDVM:00000001, Method=GET, Path=/swagger/index.js, QueryString=
2026-05-10 12:36:06.044 +03:00 [DBG] HTTP request received. RequestId=0HNLEEU7DDDVJ:00000001, Method=GET, Path=/swagger/index.css, QueryString=, ContentType=null, ContentLength=null
2026-05-10 12:36:06.046 +03:00 [DBG] HTTP request received. RequestId=0HNLEEU7DDDVL:00000001, Method=GET, Path=/swagger/swagger-ui-standalone-preset.js, QueryString=, ContentType=null, ContentLength=null
2026-05-10 12:36:06.049 +03:00 [DBG] HTTP request received. RequestId=0HNLEEU7DDDVK:00000001, Method=GET, Path=/swagger/swagger-ui-bundle.js, QueryString=, ContentType=null, ContentLength=null
2026-05-10 12:36:06.051 +03:00 [DBG] HTTP request received. RequestId=0HNLEEU7DDDVM:00000001, Method=GET, Path=/swagger/index.js, QueryString=, ContentType=null, ContentLength=null
2026-05-10 12:36:06.057 +03:00 [INF] HTTP request completed. RequestId=0HNLEEU7DDDVJ:00000001, Method=GET, Path=/swagger/index.css, StatusCode=304, ElapsedMs=16
2026-05-10 12:36:06.057 +03:00 [INF] HTTP request completed. RequestId=0HNLEEU7DDDVI:00000003, Method=GET, Path=/swagger/swagger-ui.css, StatusCode=304, ElapsedMs=32
2026-05-10 12:36:06.059 +03:00 [INF] HTTP request completed. RequestId=0HNLEEU7DDDVL:00000001, Method=GET, Path=/swagger/swagger-ui-standalone-preset.js, StatusCode=304, ElapsedMs=17
2026-05-10 12:36:06.064 +03:00 [INF] HTTP request completed. RequestId=0HNLEEU7DDDVM:00000001, Method=GET, Path=/swagger/index.js, StatusCode=304, ElapsedMs=21
2026-05-10 12:36:06.066 +03:00 [VRB] HTTP request trace finished. RequestId=0HNLEEU7DDDVJ:00000001, Method=GET, Path=/swagger/index.css, StatusCode=304, ElapsedMs=16
2026-05-10 12:36:06.067 +03:00 [INF] HTTP request completed. RequestId=0HNLEEU7DDDVK:00000001, Method=GET, Path=/swagger/swagger-ui-bundle.js, StatusCode=304, ElapsedMs=25
2026-05-10 12:36:06.069 +03:00 [VRB] HTTP request trace finished. RequestId=0HNLEEU7DDDVI:00000003, Method=GET, Path=/swagger/swagger-ui.css, StatusCode=304, ElapsedMs=32
2026-05-10 12:36:06.072 +03:00 [VRB] HTTP request trace finished. RequestId=0HNLEEU7DDDVL:00000001, Method=GET, Path=/swagger/swagger-ui-standalone-preset.js, StatusCode=304, ElapsedMs=17
2026-05-10 12:36:06.075 +03:00 [VRB] HTTP request trace finished. RequestId=0HNLEEU7DDDVM:00000001, Method=GET, Path=/swagger/index.js, StatusCode=304, ElapsedMs=21
2026-05-10 12:36:06.081 +03:00 [VRB] HTTP request trace finished. RequestId=0HNLEEU7DDDVK:00000001, Method=GET, Path=/swagger/swagger-ui-bundle.js, StatusCode=304, ElapsedMs=25
2026-05-10 12:36:06.235 +03:00 [VRB] HTTP request trace started. RequestId=0HNLEEU7DDDVK:00000002, Method=GET, Path=/swagger/v1/swagger.json, QueryString=
2026-05-10 12:36:06.238 +03:00 [DBG] HTTP request received. RequestId=0HNLEEU7DDDVK:00000002, Method=GET, Path=/swagger/v1/swagger.json, QueryString=, ContentType=null, ContentLength=null
2026-05-10 12:36:06.557 +03:00 [INF] HTTP request completed. RequestId=0HNLEEU7DDDVK:00000002, Method=GET, Path=/swagger/v1/swagger.json, StatusCode=200, ElapsedMs=321
2026-05-10 12:36:06.559 +03:00 [VRB] HTTP request trace finished. RequestId=0HNLEEU7DDDVK:00000002, Method=GET, Path=/swagger/v1/swagger.json, StatusCode=200, ElapsedMs=321
2026-05-10 12:36:18.059 +03:00 [VRB] HTTP request trace started. RequestId=0HNLEEU7DDDVK:00000003, Method=GET, Path=/configuration/status, QueryString=
2026-05-10 12:36:18.061 +03:00 [DBG] HTTP request received. RequestId=0HNLEEU7DDDVK:00000003, Method=GET, Path=/configuration/status, QueryString=, ContentType=null, ContentLength=null
2026-05-10 12:36:18.078 +03:00 [INF] HTTP request completed. RequestId=0HNLEEU7DDDVK:00000003, Method=GET, Path=/configuration/status, StatusCode=200, ElapsedMs=19
2026-05-10 12:36:18.081 +03:00 [VRB] HTTP request trace finished. RequestId=0HNLEEU7DDDVK:00000003, Method=GET, Path=/configuration/status, StatusCode=200, ElapsedMs=19
2026-05-10 12:36:25.664 +03:00 [INF] Application is shutting down...
2026-05-10 12:36:25.678 +03:00 [INF] PlantProcess IQ API stopped.
